<?xml version="1.0" encoding="UTF-8"?>
<testng-results skipped="0" failed="1" ignored="4" total="11" passed="6">
  <reporter-output>
  </reporter-output>
  <suite name="用户管理系统测试套件" duration-ms="4976" started-at="2022-04-16T17:36:20 CST" finished-at="2022-04-16T17:36:25 CST">
    <groups>
    </groups>
    <test name="用户管理系统测试用例" duration-ms="4976" started-at="2022-04-16T17:36:20 CST" finished-at="2022-04-16T17:36:25 CST">
      <class name="com.autotest.qa.cases.TestCase">
        <test-method status="PASS" signature="init()[pri:0, instance:com.autotest.qa.cases.TestCase@3a6bb9bf]" name="init" is-config="true" duration-ms="12" started-at="2022-04-16T17:36:21 CST" finished-at="2022-04-16T17:36:21 CST">
          <reporter-output>
          </reporter-output>
        </test-method> <!-- init -->
        <test-method status="PASS" signature="springTestContextBeforeTestClass()[pri:0, instance:com.autotest.qa.cases.TestCase@3a6bb9bf]" name="springTestContextBeforeTestClass" is-config="true" duration-ms="6" started-at="2022-04-16T17:36:21 CST" finished-at="2022-04-16T17:36:21 CST">
          <reporter-output>
          </reporter-output>
        </test-method> <!-- springTestContextBeforeTestClass -->
        <test-method status="PASS" signature="springTestContextPrepareTestInstance()[pri:0, instance:com.autotest.qa.cases.TestCase@3a6bb9bf]" name="springTestContextPrepareTestInstance" is-config="true" duration-ms="2732" started-at="2022-04-16T17:36:21 CST" depends-on-methods="org.springframework.test.context.testng.AbstractTestNGSpringContextTests.springTestContextBeforeTestClass" finished-at="2022-04-16T17:36:23 CST">
          <reporter-output>
          </reporter-output>
        </test-method> <!-- springTestContextPrepareTestInstance -->
        <test-method status="PASS" signature="springTestContextBeforeTestMethod(java.lang.reflect.Method)[pri:0, instance:com.autotest.qa.cases.TestCase@3a6bb9bf]" name="springTestContextBeforeTestMethod" is-config="true" duration-ms="3" started-at="2022-04-16T17:36:24 CST" finished-at="2022-04-16T17:36:24 CST">
          <params>
            <param index="0">
              <value>
                <![CDATA[public void com.autotest.qa.cases.TestCase.register(java.util.Map)]]>
              </value>
            </param>
          </params>
          <reporter-output>
          </reporter-output>
        </test-method> <!-- springTestContextBeforeTestMethod -->
        <test-method status="FAIL" signature="register(java.util.Map)[pri:0, instance:com.autotest.qa.cases.TestCase@3a6bb9bf]" name="register" duration-ms="424" started-at="2022-04-16T17:36:24 CST" data-provider="excel" finished-at="2022-04-16T17:36:24 CST">
          <params>
            <param index="0">
              <value>
                <![CDATA[{expectedResult=验证码不相等111, paramJson={"code":"123","token":null,"loginLat":28.1231,"loginLng":112.9999,"channel":"GooglePlay","regChannel":"KTA-AutoTest"}, caseDescription=提示错误信息, caseName=验证码小于6位, caseRun=N, caseType=E, casePriority=P1, needToken=}]]>
              </value>
            </param>
          </params>
          <exception class="java.lang.AssertionError">
            <message>
              <![CDATA[expected [验证码不相等111] but found [验证码不相等]]]>
            </message>
            <full-stacktrace>
              <![CDATA[java.lang.AssertionError: expected [验证码不相等111] but found [验证码不相等]
at org.testng.Assert.fail(Assert.java:99)
at org.testng.Assert.failNotEquals(Assert.java:1037)
at org.testng.Assert.assertEqualsImpl(Assert.java:140)
at org.testng.Assert.assertEquals(Assert.java:122)
at org.testng.Assert.assertEquals(Assert.java:629)
at org.testng.Assert.assertEquals(Assert.java:639)
at com.autotest.qa.cases.TestCase.register(TestCase.java:104)
at sun.reflect.NativeMethodAccessorImpl.invoke0(Native Method)
at sun.reflect.NativeMethodAccessorImpl.invoke(NativeMethodAccessorImpl.java:62)
at sun.reflect.DelegatingMethodAccessorImpl.invoke(DelegatingMethodAccessorImpl.java:43)
at java.lang.reflect.Method.invoke(Method.java:498)
at org.testng.internal.MethodInvocationHelper.invokeMethod(MethodInvocationHelper.java:133)
at org.testng.internal.MethodInvocationHelper$1.runTestMethod(MethodInvocationHelper.java:239)
at org.springframework.test.context.testng.AbstractTestNGSpringContextTests.run(AbstractTestNGSpringContextTests.java:184)
at org.testng.internal.MethodInvocationHelper.invokeHookable(MethodInvocationHelper.java:253)
at org.testng.internal.TestInvoker.invokeMethod(TestInvoker.java:594)
at org.testng.internal.TestInvoker.invokeTestMethod(TestInvoker.java:173)
at org.testng.internal.MethodRunner.runInSequence(MethodRunner.java:46)
at org.testng.internal.TestInvoker$MethodInvocationAgent.invoke(TestInvoker.java:824)
at org.testng.internal.TestInvoker.invokeTestMethods(TestInvoker.java:146)
at org.testng.internal.TestMethodWorker.invokeTestMethods(TestMethodWorker.java:146)
at org.testng.internal.TestMethodWorker.run(TestMethodWorker.java:128)
at java.util.ArrayList.forEach(ArrayList.java:1257)
at org.testng.TestRunner.privateRun(TestRunner.java:794)
at org.testng.TestRunner.run(TestRunner.java:596)
at org.testng.SuiteRunner.runTest(SuiteRunner.java:377)
at org.testng.SuiteRunner.runSequentially(SuiteRunner.java:371)
at org.testng.SuiteRunner.privateRun(SuiteRunner.java:332)
at org.testng.SuiteRunner.run(SuiteRunner.java:276)
at org.testng.SuiteRunnerWorker.runSuite(SuiteRunnerWorker.java:53)
at org.testng.SuiteRunnerWorker.run(SuiteRunnerWorker.java:96)
at org.testng.TestNG.runSuitesSequentially(TestNG.java:1212)
at org.testng.TestNG.runSuitesLocally(TestNG.java:1134)
at org.testng.TestNG.runSuites(TestNG.java:1063)
at org.testng.TestNG.run(TestNG.java:1031)
at com.intellij.rt.testng.IDEARemoteTestNG.run(IDEARemoteTestNG.java:66)
at com.intellij.rt.testng.RemoteTestNGStarter.main(RemoteTestNGStarter.java:110)
]]>
            </full-stacktrace>
          </exception> <!-- java.lang.AssertionError -->
          <reporter-output>
          </reporter-output>
        </test-method> <!-- register -->
        <test-method status="PASS" signature="springTestContextAfterTestMethod(java.lang.reflect.Method)[pri:0, instance:com.autotest.qa.cases.TestCase@3a6bb9bf]" name="springTestContextAfterTestMethod" is-config="true" duration-ms="2" started-at="2022-04-16T17:36:24 CST" finished-at="2022-04-16T17:36:24 CST">
          <params>
            <param index="0">
              <value>
                <![CDATA[public void com.autotest.qa.cases.TestCase.register(java.util.Map)]]>
              </value>
            </param>
          </params>
          <reporter-output>
          </reporter-output>
        </test-method> <!-- springTestContextAfterTestMethod -->
        <test-method status="PASS" signature="springTestContextBeforeTestMethod(java.lang.reflect.Method)[pri:0, instance:com.autotest.qa.cases.TestCase@3a6bb9bf]" name="springTestContextBeforeTestMethod" is-config="true" duration-ms="1" started-at="2022-04-16T17:36:24 CST" finished-at="2022-04-16T17:36:24 CST">
          <params>
            <param index="0">
              <value>
                <![CDATA[public void com.autotest.qa.cases.TestCase.register(java.util.Map)]]>
              </value>
            </param>
          </params>
          <reporter-output>
          </reporter-output>
        </test-method> <!-- springTestContextBeforeTestMethod -->
        <test-method status="PASS" signature="register(java.util.Map)[pri:0, instance:com.autotest.qa.cases.TestCase@3a6bb9bf]" name="register" duration-ms="43" started-at="2022-04-16T17:36:24 CST" data-provider="excel" finished-at="2022-04-16T17:36:24 CST">
          <params>
            <param index="0">
              <value>
                <![CDATA[{expectedResult=验证码不相等, paramJson={"code":"123321","token":null,"loginLat":28.1231,"loginLng":112.9999,"channel":"GooglePlay","regChannel":"KTA-AutoTest"}, caseDescription=提示错误信息, caseName=短信验证码错误, caseRun=N, caseType=E, casePriority=P1, needToken=}]]>
              </value>
            </param>
          </params>
          <reporter-output>
          </reporter-output>
        </test-method> <!-- register -->
        <test-method status="PASS" signature="springTestContextAfterTestMethod(java.lang.reflect.Method)[pri:0, instance:com.autotest.qa.cases.TestCase@3a6bb9bf]" name="springTestContextAfterTestMethod" is-config="true" duration-ms="1" started-at="2022-04-16T17:36:24 CST" finished-at="2022-04-16T17:36:24 CST">
          <params>
            <param index="0">
              <value>
                <![CDATA[public void com.autotest.qa.cases.TestCase.register(java.util.Map)]]>
              </value>
            </param>
          </params>
          <reporter-output>
          </reporter-output>
        </test-method> <!-- springTestContextAfterTestMethod -->
        <test-method status="PASS" signature="springTestContextBeforeTestMethod(java.lang.reflect.Method)[pri:0, instance:com.autotest.qa.cases.TestCase@3a6bb9bf]" name="springTestContextBeforeTestMethod" is-config="true" duration-ms="0" started-at="2022-04-16T17:36:24 CST" finished-at="2022-04-16T17:36:24 CST">
          <params>
            <param index="0">
              <value>
                <![CDATA[public void com.autotest.qa.cases.TestCase.register(java.util.Map)]]>
              </value>
            </param>
          </params>
          <reporter-output>
          </reporter-output>
        </test-method> <!-- springTestContextBeforeTestMethod -->
        <test-method status="PASS" signature="register(java.util.Map)[pri:0, instance:com.autotest.qa.cases.TestCase@3a6bb9bf]" name="register" duration-ms="29" started-at="2022-04-16T17:36:24 CST" data-provider="excel" finished-at="2022-04-16T17:36:24 CST">
          <params>
            <param index="0">
              <value>
                <![CDATA[{expectedResult=验证码不相等, paramJson={"code":"1234567","token":null,"loginLat":28.1231,"loginLng":112.9999,"channel":"GooglePlay","regChannel":"KTA-AutoTest"}, caseDescription=提示错误信息, caseName=验证码大于6位, caseRun=N, caseType=E, casePriority=P1, needToken=}]]>
              </value>
            </param>
          </params>
          <reporter-output>
          </reporter-output>
        </test-method> <!-- register -->
        <test-method status="PASS" signature="springTestContextAfterTestMethod(java.lang.reflect.Method)[pri:0, instance:com.autotest.qa.cases.TestCase@3a6bb9bf]" name="springTestContextAfterTestMethod" is-config="true" duration-ms="1" started-at="2022-04-16T17:36:24 CST" finished-at="2022-04-16T17:36:24 CST">
          <params>
            <param index="0">
              <value>
                <![CDATA[public void com.autotest.qa.cases.TestCase.register(java.util.Map)]]>
              </value>
            </param>
          </params>
          <reporter-output>
          </reporter-output>
        </test-method> <!-- springTestContextAfterTestMethod -->
        <test-method status="PASS" signature="springTestContextBeforeTestMethod(java.lang.reflect.Method)[pri:0, instance:com.autotest.qa.cases.TestCase@3a6bb9bf]" name="springTestContextBeforeTestMethod" is-config="true" duration-ms="0" started-at="2022-04-16T17:36:24 CST" finished-at="2022-04-16T17:36:24 CST">
          <params>
            <param index="0">
              <value>
                <![CDATA[public void com.autotest.qa.cases.TestCase.register(java.util.Map)]]>
              </value>
            </param>
          </params>
          <reporter-output>
          </reporter-output>
        </test-method> <!-- springTestContextBeforeTestMethod -->
        <test-method status="PASS" signature="register(java.util.Map)[pri:0, instance:com.autotest.qa.cases.TestCase@3a6bb9bf]" name="register" duration-ms="31" started-at="2022-04-16T17:36:24 CST" data-provider="excel" finished-at="2022-04-16T17:36:24 CST">
          <params>
            <param index="0">
              <value>
                <![CDATA[{expectedResult=验证码不相等, paramJson={"code":"123A23","token":null,"loginLat":28.1231,"loginLng":112.9999,"channel":"GooglePlay","regChannel":"KTA-AutoTest"}, caseDescription=提示错误信息, caseName=验证码包含字母, caseRun=N, caseType=E, casePriority=P1, needToken=}]]>
              </value>
            </param>
          </params>
          <reporter-output>
          </reporter-output>
        </test-method> <!-- register -->
        <test-method status="PASS" signature="springTestContextAfterTestMethod(java.lang.reflect.Method)[pri:0, instance:com.autotest.qa.cases.TestCase@3a6bb9bf]" name="springTestContextAfterTestMethod" is-config="true" duration-ms="0" started-at="2022-04-16T17:36:24 CST" finished-at="2022-04-16T17:36:24 CST">
          <params>
            <param index="0">
              <value>
                <![CDATA[public void com.autotest.qa.cases.TestCase.register(java.util.Map)]]>
              </value>
            </param>
          </params>
          <reporter-output>
          </reporter-output>
        </test-method> <!-- springTestContextAfterTestMethod -->
        <test-method status="PASS" signature="springTestContextBeforeTestMethod(java.lang.reflect.Method)[pri:0, instance:com.autotest.qa.cases.TestCase@3a6bb9bf]" name="springTestContextBeforeTestMethod" is-config="true" duration-ms="1" started-at="2022-04-16T17:36:24 CST" finished-at="2022-04-16T17:36:24 CST">
          <params>
            <param index="0">
              <value>
                <![CDATA[public void com.autotest.qa.cases.TestCase.register(java.util.Map)]]>
              </value>
            </param>
          </params>
          <reporter-output>
          </reporter-output>
        </test-method> <!-- springTestContextBeforeTestMethod -->
        <test-method status="PASS" signature="register(java.util.Map)[pri:0, instance:com.autotest.qa.cases.TestCase@3a6bb9bf]" name="register" duration-ms="31" started-at="2022-04-16T17:36:24 CST" data-provider="excel" finished-at="2022-04-16T17:36:25 CST">
          <params>
            <param index="0">
              <value>
                <![CDATA[{expectedResult=验证码不相等, paramJson={"code":"123@12","token":null,"loginLat":28.1231,"loginLng":112.9999,"channel":"GooglePlay","regChannel":"KTA-AutoTest"}, caseDescription=提示错误信息, caseName=验证码包含特殊字符, caseRun=N, caseType=E, casePriority=P1, needToken=}]]>
              </value>
            </param>
          </params>
          <reporter-output>
          </reporter-output>
        </test-method> <!-- register -->
        <test-method status="PASS" signature="springTestContextBeforeTestMethod(java.lang.reflect.Method)[pri:0, instance:com.autotest.qa.cases.TestCase@3a6bb9bf]" name="springTestContextBeforeTestMethod" is-config="true" duration-ms="1" started-at="2022-04-16T17:36:25 CST" finished-at="2022-04-16T17:36:25 CST">
          <params>
            <param index="0">
              <value>
                <![CDATA[public void com.autotest.qa.cases.TestCase.register(java.util.Map)]]>
              </value>
            </param>
          </params>
          <reporter-output>
          </reporter-output>
        </test-method> <!-- springTestContextBeforeTestMethod -->
        <test-method status="PASS" signature="springTestContextAfterTestMethod(java.lang.reflect.Method)[pri:0, instance:com.autotest.qa.cases.TestCase@3a6bb9bf]" name="springTestContextAfterTestMethod" is-config="true" duration-ms="0" started-at="2022-04-16T17:36:25 CST" finished-at="2022-04-16T17:36:25 CST">
          <params>
            <param index="0">
              <value>
                <![CDATA[public void com.autotest.qa.cases.TestCase.register(java.util.Map)]]>
              </value>
            </param>
          </params>
          <reporter-output>
          </reporter-output>
        </test-method> <!-- springTestContextAfterTestMethod -->
        <test-method status="PASS" signature="register(java.util.Map)[pri:0, instance:com.autotest.qa.cases.TestCase@3a6bb9bf]" name="register" duration-ms="484" started-at="2022-04-16T17:36:25 CST" data-provider="excel" finished-at="2022-04-16T17:36:25 CST">
          <params>
            <param index="0">
              <value>
                <![CDATA[{expectedResult=成功, paramJson={"code":"123456","token":null,"loginLat":28.1231,"loginLng":112.9999,"channel":"GooglePlay","regChannel":"KTA-AutoTest"}, caseDescription=注册成功, caseName=正常设置密码注册, caseRun=Y, caseType=N, casePriority=P0, needToken=}]]>
              </value>
            </param>
          </params>
          <reporter-output>
          </reporter-output>
        </test-method> <!-- register -->
        <test-method status="PASS" signature="springTestContextAfterTestMethod(java.lang.reflect.Method)[pri:0, instance:com.autotest.qa.cases.TestCase@3a6bb9bf]" name="springTestContextAfterTestMethod" is-config="true" duration-ms="1" started-at="2022-04-16T17:36:25 CST" finished-at="2022-04-16T17:36:25 CST">
          <params>
            <param index="0">
              <value>
                <![CDATA[public void com.autotest.qa.cases.TestCase.register(java.util.Map)]]>
              </value>
            </param>
          </params>
          <reporter-output>
          </reporter-output>
        </test-method> <!-- springTestContextAfterTestMethod -->
        <test-method status="PASS" signature="register(java.util.Map)[pri:0, instance:com.autotest.qa.cases.TestCase@3a6bb9bf]" name="register" duration-ms="96" started-at="2022-04-16T17:36:25 CST" data-provider="excel" finished-at="2022-04-16T17:36:25 CST">
          <params>
            <param index="0">
              <value>
                <![CDATA[{expectedResult=缓存获取短信验证码为空, paramJson={"code":"123456","token":"f1s0kLsY30ZY+Z5uoT3l2jViZD0wT","loginLat":28.1231,"loginLng":112.9999,"channel":"GooglePlay","regChannel":"KTA-AutoTest"}, caseDescription=提示错误信息, caseName=smsKey错误, caseRun=N, caseType=E, casePriority=P1, needToken=N}]]>
              </value>
            </param>
          </params>
          <reporter-output>
          </reporter-output>
        </test-method> <!-- register -->
        <test-method status="PASS" signature="springTestContextBeforeTestMethod(java.lang.reflect.Method)[pri:0, instance:com.autotest.qa.cases.TestCase@3a6bb9bf]" name="springTestContextBeforeTestMethod" is-config="true" duration-ms="0" started-at="2022-04-16T17:36:25 CST" finished-at="2022-04-16T17:36:25 CST">
          <params>
            <param index="0">
              <value>
                <![CDATA[public void com.autotest.qa.cases.TestCase.register(java.util.Map)]]>
              </value>
            </param>
          </params>
          <reporter-output>
          </reporter-output>
        </test-method> <!-- springTestContextBeforeTestMethod -->
        <test-method status="PASS" signature="springTestContextAfterTestMethod(java.lang.reflect.Method)[pri:0, instance:com.autotest.qa.cases.TestCase@3a6bb9bf]" name="springTestContextAfterTestMethod" is-config="true" duration-ms="0" started-at="2022-04-16T17:36:25 CST" finished-at="2022-04-16T17:36:25 CST">
          <params>
            <param index="0">
              <value>
                <![CDATA[public void com.autotest.qa.cases.TestCase.register(java.util.Map)]]>
              </value>
            </param>
          </params>
          <reporter-output>
          </reporter-output>
        </test-method> <!-- springTestContextAfterTestMethod -->
        <test-method status="PASS" signature="springTestContextAfterTestClass()[pri:0, instance:com.autotest.qa.cases.TestCase@3a6bb9bf]" name="springTestContextAfterTestClass" is-config="true" duration-ms="1" started-at="2022-04-16T17:36:25 CST" finished-at="2022-04-16T17:36:25 CST">
          <reporter-output>
          </reporter-output>
        </test-method> <!-- springTestContextAfterTestClass -->
      </class> <!-- com.autotest.qa.cases.TestCase -->
      <class name="com.autotest.qa.cases.KtaMainFlowTest">
        <test-method status="PASS" signature="init()[pri:0, instance:com.autotest.qa.cases.KtaMainFlowTest@4944252c]" name="init" is-config="true" duration-ms="461" started-at="2022-04-16T17:36:20 CST" finished-at="2022-04-16T17:36:21 CST">
          <reporter-output>
          </reporter-output>
        </test-method> <!-- init -->
      </class> <!-- com.autotest.qa.cases.KtaMainFlowTest -->
    </test> <!-- 用户管理系统测试用例 -->
  </suite> <!-- 用户管理系统测试套件 -->
</testng-results>
